{"/Users/vit20087/IdeaProjects/unidone/src/tasks.js": {"path":"/Users/vit20087/IdeaProjects/unidone/src/tasks.js","statementMap":{"0":{"start":{"line":2,"column":18},"end":{"line":2,"column":28}},"1":{"start":{"line":3,"column":4},"end":{"line":3,"column":null}},"2":{"start":{"line":5,"column":21},"end":{"line":5,"column":null}},"3":{"start":{"line":6,"column":4},"end":{"line":6,"column":null}},"4":{"start":{"line":8,"column":21},"end":{"line":8,"column":35}},"5":{"start":{"line":9,"column":21},"end":{"line":9,"column":62}},"6":{"start":{"line":11,"column":4},"end":{"line":11,"column":null}}},"fnMap":{"0":{"name":"getDaysUntilDeadLine","decl":{"start":{"line":1,"column":16},"end":{"line":1,"column":36}},"loc":{"start":{"line":1,"column":57},"end":{"line":12,"column":null}},"line":1}},"branchMap":{},"s":{"0":3,"1":3,"2":3,"3":3,"4":3,"5":3,"6":3},"f":{"0":3},"b":{},"meta":{"lastBranch":0,"lastFunction":1,"lastStatement":7,"seen":{"f:1:16:1:36":0,"s:2:18:2:28":0,"s:3:4:3:Infinity":1,"s:5:21:5:Infinity":2,"s:6:4:6:Infinity":3,"s:8:21:8:35":4,"s:9:21:9:62":5,"s:11:4:11:Infinity":6}}}
}
